:: loading settings :: url = jar:file:/opt/bitnami/spark/jars/ivy-2.4.0.jar!/org/apache/ivy/core/settings/ivysettings.xml
Ivy Default Cache set to: /opt/bitnami/spark/.ivy2/cache
The jars for the packages stored in: /opt/bitnami/spark/.ivy2/jars
org.apache.spark#spark-sql-kafka-0-10_2.12 added as a dependency
:: resolving dependencies :: org.apache.spark#spark-submit-parent-a3f3e288-f2c5-4f44-bd9e-0ba7f2c80839;1.0
	confs: [default]
	found org.apache.spark#spark-sql-kafka-0-10_2.12;3.1.1 in central
	found org.apache.spark#spark-token-provider-kafka-0-10_2.12;3.1.1 in central
	found org.apache.kafka#kafka-clients;2.6.0 in central
	found com.github.luben#zstd-jni;1.4.8-1 in central
	found org.lz4#lz4-java;1.7.1 in central
	found org.xerial.snappy#snappy-java;1.1.8.2 in central
	found org.slf4j#slf4j-api;1.7.30 in central
	found org.spark-project.spark#unused;1.0.0 in central
	found org.apache.commons#commons-pool2;2.6.2 in central
:: resolution report :: resolve 1040ms :: artifacts dl 95ms
	:: modules in use:
	com.github.luben#zstd-jni;1.4.8-1 from central in [default]
	org.apache.commons#commons-pool2;2.6.2 from central in [default]
	org.apache.kafka#kafka-clients;2.6.0 from central in [default]
	org.apache.spark#spark-sql-kafka-0-10_2.12;3.1.1 from central in [default]
	org.apache.spark#spark-token-provider-kafka-0-10_2.12;3.1.1 from central in [default]
	org.lz4#lz4-java;1.7.1 from central in [default]
	org.slf4j#slf4j-api;1.7.30 from central in [default]
	org.spark-project.spark#unused;1.0.0 from central in [default]
	org.xerial.snappy#snappy-java;1.1.8.2 from central in [default]
	---------------------------------------------------------------------
	|                  |            modules            ||   artifacts   |
	|       conf       | number| search|dwnlded|evicted|| number|dwnlded|
	---------------------------------------------------------------------
	|      default     |   9   |   0   |   0   |   0   ||   9   |   0   |
	---------------------------------------------------------------------
:: retrieving :: org.apache.spark#spark-submit-parent-a3f3e288-f2c5-4f44-bd9e-0ba7f2c80839
	confs: [default]
	0 artifacts copied, 9 already retrieved (0kB/32ms)
21/04/17 19:57:08 WARN NativeCodeLoader: Unable to load native-hadoop library for your platform... using builtin-java classes where applicable
Using Spark's default log4j profile: org/apache/spark/log4j-defaults.properties
21/04/17 19:57:09 INFO SparkContext: Running Spark version 3.1.1
21/04/17 19:57:09 INFO ResourceUtils: ==============================================================
21/04/17 19:57:09 INFO ResourceUtils: No custom resources configured for spark.driver.
21/04/17 19:57:09 INFO ResourceUtils: ==============================================================
21/04/17 19:57:09 INFO SparkContext: Submitted application: stedi-risk-data
21/04/17 19:57:09 INFO ResourceProfile: Default ResourceProfile created, executor resources: Map(cores -> name: cores, amount: 1, script: , vendor: , memory -> name: memory, amount: 1024, script: , vendor: , offHeap -> name: offHeap, amount: 0, script: , vendor: ), task resources: Map(cpus -> name: cpus, amount: 1.0)
21/04/17 19:57:09 INFO ResourceProfile: Limiting resource is cpu
21/04/17 19:57:09 INFO ResourceProfileManager: Added ResourceProfile id: 0
21/04/17 19:57:09 INFO SecurityManager: Changing view acls to: spark
21/04/17 19:57:09 INFO SecurityManager: Changing modify acls to: spark
21/04/17 19:57:09 INFO SecurityManager: Changing view acls groups to: 
21/04/17 19:57:09 INFO SecurityManager: Changing modify acls groups to: 
21/04/17 19:57:09 INFO SecurityManager: SecurityManager: authentication disabled; ui acls disabled; users  with view permissions: Set(spark); groups with view permissions: Set(); users  with modify permissions: Set(spark); groups with modify permissions: Set()
21/04/17 19:57:09 INFO Utils: Successfully started service 'sparkDriver' on port 34755.
21/04/17 19:57:09 INFO SparkEnv: Registering MapOutputTracker
21/04/17 19:57:09 INFO SparkEnv: Registering BlockManagerMaster
21/04/17 19:57:09 INFO BlockManagerMasterEndpoint: Using org.apache.spark.storage.DefaultTopologyMapper for getting topology information
21/04/17 19:57:09 INFO BlockManagerMasterEndpoint: BlockManagerMasterEndpoint up
21/04/17 19:57:09 INFO SparkEnv: Registering BlockManagerMasterHeartbeat
21/04/17 19:57:09 INFO DiskBlockManager: Created local directory at /tmp/blockmgr-0b3dd014-7dd1-4e8d-b58b-fa3dbeb5ea68
21/04/17 19:57:09 INFO MemoryStore: MemoryStore started with capacity 366.3 MiB
21/04/17 19:57:09 INFO SparkEnv: Registering OutputCommitCoordinator
21/04/17 19:57:09 INFO Utils: Successfully started service 'SparkUI' on port 4040.
21/04/17 19:57:10 INFO SparkUI: Bound SparkUI to 0.0.0.0, and started at http://817a9a05793c:4040
21/04/17 19:57:10 INFO SparkContext: Added JAR file:///opt/bitnami/spark/.ivy2/jars/org.apache.spark_spark-sql-kafka-0-10_2.12-3.1.1.jar at spark://817a9a05793c:34755/jars/org.apache.spark_spark-sql-kafka-0-10_2.12-3.1.1.jar with timestamp 1618689429122
21/04/17 19:57:10 INFO SparkContext: Added JAR file:///opt/bitnami/spark/.ivy2/jars/org.apache.spark_spark-token-provider-kafka-0-10_2.12-3.1.1.jar at spark://817a9a05793c:34755/jars/org.apache.spark_spark-token-provider-kafka-0-10_2.12-3.1.1.jar with timestamp 1618689429122
21/04/17 19:57:10 INFO SparkContext: Added JAR file:///opt/bitnami/spark/.ivy2/jars/org.apache.kafka_kafka-clients-2.6.0.jar at spark://817a9a05793c:34755/jars/org.apache.kafka_kafka-clients-2.6.0.jar with timestamp 1618689429122
21/04/17 19:57:10 INFO SparkContext: Added JAR file:///opt/bitnami/spark/.ivy2/jars/org.apache.commons_commons-pool2-2.6.2.jar at spark://817a9a05793c:34755/jars/org.apache.commons_commons-pool2-2.6.2.jar with timestamp 1618689429122
21/04/17 19:57:10 INFO SparkContext: Added JAR file:///opt/bitnami/spark/.ivy2/jars/org.spark-project.spark_unused-1.0.0.jar at spark://817a9a05793c:34755/jars/org.spark-project.spark_unused-1.0.0.jar with timestamp 1618689429122
21/04/17 19:57:10 INFO SparkContext: Added JAR file:///opt/bitnami/spark/.ivy2/jars/com.github.luben_zstd-jni-1.4.8-1.jar at spark://817a9a05793c:34755/jars/com.github.luben_zstd-jni-1.4.8-1.jar with timestamp 1618689429122
21/04/17 19:57:10 INFO SparkContext: Added JAR file:///opt/bitnami/spark/.ivy2/jars/org.lz4_lz4-java-1.7.1.jar at spark://817a9a05793c:34755/jars/org.lz4_lz4-java-1.7.1.jar with timestamp 1618689429122
21/04/17 19:57:10 INFO SparkContext: Added JAR file:///opt/bitnami/spark/.ivy2/jars/org.xerial.snappy_snappy-java-1.1.8.2.jar at spark://817a9a05793c:34755/jars/org.xerial.snappy_snappy-java-1.1.8.2.jar with timestamp 1618689429122
21/04/17 19:57:10 INFO SparkContext: Added JAR file:///opt/bitnami/spark/.ivy2/jars/org.slf4j_slf4j-api-1.7.30.jar at spark://817a9a05793c:34755/jars/org.slf4j_slf4j-api-1.7.30.jar with timestamp 1618689429122
21/04/17 19:57:10 INFO SparkContext: Added file file:///opt/bitnami/spark/.ivy2/jars/org.apache.spark_spark-sql-kafka-0-10_2.12-3.1.1.jar at file:///opt/bitnami/spark/.ivy2/jars/org.apache.spark_spark-sql-kafka-0-10_2.12-3.1.1.jar with timestamp 1618689429122
21/04/17 19:57:10 INFO Utils: Copying /opt/bitnami/spark/.ivy2/jars/org.apache.spark_spark-sql-kafka-0-10_2.12-3.1.1.jar to /tmp/spark-810d1151-bd91-41c5-886e-9775ba8c8fe7/userFiles-87137b05-2094-4ab2-9719-59d61004db6a/org.apache.spark_spark-sql-kafka-0-10_2.12-3.1.1.jar
21/04/17 19:57:10 INFO SparkContext: Added file file:///opt/bitnami/spark/.ivy2/jars/org.apache.spark_spark-token-provider-kafka-0-10_2.12-3.1.1.jar at file:///opt/bitnami/spark/.ivy2/jars/org.apache.spark_spark-token-provider-kafka-0-10_2.12-3.1.1.jar with timestamp 1618689429122
21/04/17 19:57:10 INFO Utils: Copying /opt/bitnami/spark/.ivy2/jars/org.apache.spark_spark-token-provider-kafka-0-10_2.12-3.1.1.jar to /tmp/spark-810d1151-bd91-41c5-886e-9775ba8c8fe7/userFiles-87137b05-2094-4ab2-9719-59d61004db6a/org.apache.spark_spark-token-provider-kafka-0-10_2.12-3.1.1.jar
21/04/17 19:57:10 INFO SparkContext: Added file file:///opt/bitnami/spark/.ivy2/jars/org.apache.kafka_kafka-clients-2.6.0.jar at file:///opt/bitnami/spark/.ivy2/jars/org.apache.kafka_kafka-clients-2.6.0.jar with timestamp 1618689429122
21/04/17 19:57:10 INFO Utils: Copying /opt/bitnami/spark/.ivy2/jars/org.apache.kafka_kafka-clients-2.6.0.jar to /tmp/spark-810d1151-bd91-41c5-886e-9775ba8c8fe7/userFiles-87137b05-2094-4ab2-9719-59d61004db6a/org.apache.kafka_kafka-clients-2.6.0.jar
21/04/17 19:57:10 INFO SparkContext: Added file file:///opt/bitnami/spark/.ivy2/jars/org.apache.commons_commons-pool2-2.6.2.jar at file:///opt/bitnami/spark/.ivy2/jars/org.apache.commons_commons-pool2-2.6.2.jar with timestamp 1618689429122
21/04/17 19:57:10 INFO Utils: Copying /opt/bitnami/spark/.ivy2/jars/org.apache.commons_commons-pool2-2.6.2.jar to /tmp/spark-810d1151-bd91-41c5-886e-9775ba8c8fe7/userFiles-87137b05-2094-4ab2-9719-59d61004db6a/org.apache.commons_commons-pool2-2.6.2.jar
21/04/17 19:57:10 INFO SparkContext: Added file file:///opt/bitnami/spark/.ivy2/jars/org.spark-project.spark_unused-1.0.0.jar at file:///opt/bitnami/spark/.ivy2/jars/org.spark-project.spark_unused-1.0.0.jar with timestamp 1618689429122
21/04/17 19:57:10 INFO Utils: Copying /opt/bitnami/spark/.ivy2/jars/org.spark-project.spark_unused-1.0.0.jar to /tmp/spark-810d1151-bd91-41c5-886e-9775ba8c8fe7/userFiles-87137b05-2094-4ab2-9719-59d61004db6a/org.spark-project.spark_unused-1.0.0.jar
21/04/17 19:57:10 INFO SparkContext: Added file file:///opt/bitnami/spark/.ivy2/jars/com.github.luben_zstd-jni-1.4.8-1.jar at file:///opt/bitnami/spark/.ivy2/jars/com.github.luben_zstd-jni-1.4.8-1.jar with timestamp 1618689429122
21/04/17 19:57:10 INFO Utils: Copying /opt/bitnami/spark/.ivy2/jars/com.github.luben_zstd-jni-1.4.8-1.jar to /tmp/spark-810d1151-bd91-41c5-886e-9775ba8c8fe7/userFiles-87137b05-2094-4ab2-9719-59d61004db6a/com.github.luben_zstd-jni-1.4.8-1.jar
21/04/17 19:57:10 INFO SparkContext: Added file file:///opt/bitnami/spark/.ivy2/jars/org.lz4_lz4-java-1.7.1.jar at file:///opt/bitnami/spark/.ivy2/jars/org.lz4_lz4-java-1.7.1.jar with timestamp 1618689429122
21/04/17 19:57:10 INFO Utils: Copying /opt/bitnami/spark/.ivy2/jars/org.lz4_lz4-java-1.7.1.jar to /tmp/spark-810d1151-bd91-41c5-886e-9775ba8c8fe7/userFiles-87137b05-2094-4ab2-9719-59d61004db6a/org.lz4_lz4-java-1.7.1.jar
21/04/17 19:57:10 INFO SparkContext: Added file file:///opt/bitnami/spark/.ivy2/jars/org.xerial.snappy_snappy-java-1.1.8.2.jar at file:///opt/bitnami/spark/.ivy2/jars/org.xerial.snappy_snappy-java-1.1.8.2.jar with timestamp 1618689429122
21/04/17 19:57:10 INFO Utils: Copying /opt/bitnami/spark/.ivy2/jars/org.xerial.snappy_snappy-java-1.1.8.2.jar to /tmp/spark-810d1151-bd91-41c5-886e-9775ba8c8fe7/userFiles-87137b05-2094-4ab2-9719-59d61004db6a/org.xerial.snappy_snappy-java-1.1.8.2.jar
21/04/17 19:57:10 INFO SparkContext: Added file file:///opt/bitnami/spark/.ivy2/jars/org.slf4j_slf4j-api-1.7.30.jar at file:///opt/bitnami/spark/.ivy2/jars/org.slf4j_slf4j-api-1.7.30.jar with timestamp 1618689429122
21/04/17 19:57:10 INFO Utils: Copying /opt/bitnami/spark/.ivy2/jars/org.slf4j_slf4j-api-1.7.30.jar to /tmp/spark-810d1151-bd91-41c5-886e-9775ba8c8fe7/userFiles-87137b05-2094-4ab2-9719-59d61004db6a/org.slf4j_slf4j-api-1.7.30.jar
21/04/17 19:57:10 INFO Executor: Starting executor ID driver on host 817a9a05793c
21/04/17 19:57:10 INFO Executor: Fetching file:///opt/bitnami/spark/.ivy2/jars/org.xerial.snappy_snappy-java-1.1.8.2.jar with timestamp 1618689429122
21/04/17 19:57:10 INFO Utils: /opt/bitnami/spark/.ivy2/jars/org.xerial.snappy_snappy-java-1.1.8.2.jar has been previously copied to /tmp/spark-810d1151-bd91-41c5-886e-9775ba8c8fe7/userFiles-87137b05-2094-4ab2-9719-59d61004db6a/org.xerial.snappy_snappy-java-1.1.8.2.jar
21/04/17 19:57:10 INFO Executor: Fetching file:///opt/bitnami/spark/.ivy2/jars/org.apache.spark_spark-token-provider-kafka-0-10_2.12-3.1.1.jar with timestamp 1618689429122
21/04/17 19:57:10 INFO Utils: /opt/bitnami/spark/.ivy2/jars/org.apache.spark_spark-token-provider-kafka-0-10_2.12-3.1.1.jar has been previously copied to /tmp/spark-810d1151-bd91-41c5-886e-9775ba8c8fe7/userFiles-87137b05-2094-4ab2-9719-59d61004db6a/org.apache.spark_spark-token-provider-kafka-0-10_2.12-3.1.1.jar
21/04/17 19:57:10 INFO Executor: Fetching file:///opt/bitnami/spark/.ivy2/jars/com.github.luben_zstd-jni-1.4.8-1.jar with timestamp 1618689429122
21/04/17 19:57:10 INFO Utils: /opt/bitnami/spark/.ivy2/jars/com.github.luben_zstd-jni-1.4.8-1.jar has been previously copied to /tmp/spark-810d1151-bd91-41c5-886e-9775ba8c8fe7/userFiles-87137b05-2094-4ab2-9719-59d61004db6a/com.github.luben_zstd-jni-1.4.8-1.jar
21/04/17 19:57:10 INFO Executor: Fetching file:///opt/bitnami/spark/.ivy2/jars/org.apache.spark_spark-sql-kafka-0-10_2.12-3.1.1.jar with timestamp 1618689429122
21/04/17 19:57:10 INFO Utils: /opt/bitnami/spark/.ivy2/jars/org.apache.spark_spark-sql-kafka-0-10_2.12-3.1.1.jar has been previously copied to /tmp/spark-810d1151-bd91-41c5-886e-9775ba8c8fe7/userFiles-87137b05-2094-4ab2-9719-59d61004db6a/org.apache.spark_spark-sql-kafka-0-10_2.12-3.1.1.jar
21/04/17 19:57:10 INFO Executor: Fetching file:///opt/bitnami/spark/.ivy2/jars/org.apache.commons_commons-pool2-2.6.2.jar with timestamp 1618689429122
21/04/17 19:57:10 INFO Utils: /opt/bitnami/spark/.ivy2/jars/org.apache.commons_commons-pool2-2.6.2.jar has been previously copied to /tmp/spark-810d1151-bd91-41c5-886e-9775ba8c8fe7/userFiles-87137b05-2094-4ab2-9719-59d61004db6a/org.apache.commons_commons-pool2-2.6.2.jar
21/04/17 19:57:10 INFO Executor: Fetching file:///opt/bitnami/spark/.ivy2/jars/org.spark-project.spark_unused-1.0.0.jar with timestamp 1618689429122
21/04/17 19:57:10 INFO Utils: /opt/bitnami/spark/.ivy2/jars/org.spark-project.spark_unused-1.0.0.jar has been previously copied to /tmp/spark-810d1151-bd91-41c5-886e-9775ba8c8fe7/userFiles-87137b05-2094-4ab2-9719-59d61004db6a/org.spark-project.spark_unused-1.0.0.jar
21/04/17 19:57:10 INFO Executor: Fetching file:///opt/bitnami/spark/.ivy2/jars/org.lz4_lz4-java-1.7.1.jar with timestamp 1618689429122
21/04/17 19:57:10 INFO Utils: /opt/bitnami/spark/.ivy2/jars/org.lz4_lz4-java-1.7.1.jar has been previously copied to /tmp/spark-810d1151-bd91-41c5-886e-9775ba8c8fe7/userFiles-87137b05-2094-4ab2-9719-59d61004db6a/org.lz4_lz4-java-1.7.1.jar
21/04/17 19:57:10 INFO Executor: Fetching file:///opt/bitnami/spark/.ivy2/jars/org.apache.kafka_kafka-clients-2.6.0.jar with timestamp 1618689429122
21/04/17 19:57:10 INFO Utils: /opt/bitnami/spark/.ivy2/jars/org.apache.kafka_kafka-clients-2.6.0.jar has been previously copied to /tmp/spark-810d1151-bd91-41c5-886e-9775ba8c8fe7/userFiles-87137b05-2094-4ab2-9719-59d61004db6a/org.apache.kafka_kafka-clients-2.6.0.jar
21/04/17 19:57:10 INFO Executor: Fetching file:///opt/bitnami/spark/.ivy2/jars/org.slf4j_slf4j-api-1.7.30.jar with timestamp 1618689429122
21/04/17 19:57:10 INFO Utils: /opt/bitnami/spark/.ivy2/jars/org.slf4j_slf4j-api-1.7.30.jar has been previously copied to /tmp/spark-810d1151-bd91-41c5-886e-9775ba8c8fe7/userFiles-87137b05-2094-4ab2-9719-59d61004db6a/org.slf4j_slf4j-api-1.7.30.jar
21/04/17 19:57:10 INFO Executor: Fetching spark://817a9a05793c:34755/jars/org.apache.commons_commons-pool2-2.6.2.jar with timestamp 1618689429122
21/04/17 19:57:10 INFO TransportClientFactory: Successfully created connection to 817a9a05793c/172.19.0.4:34755 after 31 ms (0 ms spent in bootstraps)
21/04/17 19:57:10 INFO Utils: Fetching spark://817a9a05793c:34755/jars/org.apache.commons_commons-pool2-2.6.2.jar to /tmp/spark-810d1151-bd91-41c5-886e-9775ba8c8fe7/userFiles-87137b05-2094-4ab2-9719-59d61004db6a/fetchFileTemp811260634350728720.tmp
21/04/17 19:57:10 INFO Utils: /tmp/spark-810d1151-bd91-41c5-886e-9775ba8c8fe7/userFiles-87137b05-2094-4ab2-9719-59d61004db6a/fetchFileTemp811260634350728720.tmp has been previously copied to /tmp/spark-810d1151-bd91-41c5-886e-9775ba8c8fe7/userFiles-87137b05-2094-4ab2-9719-59d61004db6a/org.apache.commons_commons-pool2-2.6.2.jar
21/04/17 19:57:10 INFO Executor: Adding file:/tmp/spark-810d1151-bd91-41c5-886e-9775ba8c8fe7/userFiles-87137b05-2094-4ab2-9719-59d61004db6a/org.apache.commons_commons-pool2-2.6.2.jar to class loader
21/04/17 19:57:10 INFO Executor: Fetching spark://817a9a05793c:34755/jars/org.spark-project.spark_unused-1.0.0.jar with timestamp 1618689429122
21/04/17 19:57:10 INFO Utils: Fetching spark://817a9a05793c:34755/jars/org.spark-project.spark_unused-1.0.0.jar to /tmp/spark-810d1151-bd91-41c5-886e-9775ba8c8fe7/userFiles-87137b05-2094-4ab2-9719-59d61004db6a/fetchFileTemp8647512674316487363.tmp
21/04/17 19:57:10 INFO Utils: /tmp/spark-810d1151-bd91-41c5-886e-9775ba8c8fe7/userFiles-87137b05-2094-4ab2-9719-59d61004db6a/fetchFileTemp8647512674316487363.tmp has been previously copied to /tmp/spark-810d1151-bd91-41c5-886e-9775ba8c8fe7/userFiles-87137b05-2094-4ab2-9719-59d61004db6a/org.spark-project.spark_unused-1.0.0.jar
21/04/17 19:57:10 INFO Executor: Adding file:/tmp/spark-810d1151-bd91-41c5-886e-9775ba8c8fe7/userFiles-87137b05-2094-4ab2-9719-59d61004db6a/org.spark-project.spark_unused-1.0.0.jar to class loader
21/04/17 19:57:10 INFO Executor: Fetching spark://817a9a05793c:34755/jars/org.apache.kafka_kafka-clients-2.6.0.jar with timestamp 1618689429122
21/04/17 19:57:10 INFO Utils: Fetching spark://817a9a05793c:34755/jars/org.apache.kafka_kafka-clients-2.6.0.jar to /tmp/spark-810d1151-bd91-41c5-886e-9775ba8c8fe7/userFiles-87137b05-2094-4ab2-9719-59d61004db6a/fetchFileTemp6678500304330360204.tmp
21/04/17 19:57:10 INFO Utils: /tmp/spark-810d1151-bd91-41c5-886e-9775ba8c8fe7/userFiles-87137b05-2094-4ab2-9719-59d61004db6a/fetchFileTemp6678500304330360204.tmp has been previously copied to /tmp/spark-810d1151-bd91-41c5-886e-9775ba8c8fe7/userFiles-87137b05-2094-4ab2-9719-59d61004db6a/org.apache.kafka_kafka-clients-2.6.0.jar
21/04/17 19:57:10 INFO Executor: Adding file:/tmp/spark-810d1151-bd91-41c5-886e-9775ba8c8fe7/userFiles-87137b05-2094-4ab2-9719-59d61004db6a/org.apache.kafka_kafka-clients-2.6.0.jar to class loader
21/04/17 19:57:10 INFO Executor: Fetching spark://817a9a05793c:34755/jars/org.xerial.snappy_snappy-java-1.1.8.2.jar with timestamp 1618689429122
21/04/17 19:57:10 INFO Utils: Fetching spark://817a9a05793c:34755/jars/org.xerial.snappy_snappy-java-1.1.8.2.jar to /tmp/spark-810d1151-bd91-41c5-886e-9775ba8c8fe7/userFiles-87137b05-2094-4ab2-9719-59d61004db6a/fetchFileTemp1047682689061741588.tmp
21/04/17 19:57:10 INFO Utils: /tmp/spark-810d1151-bd91-41c5-886e-9775ba8c8fe7/userFiles-87137b05-2094-4ab2-9719-59d61004db6a/fetchFileTemp1047682689061741588.tmp has been previously copied to /tmp/spark-810d1151-bd91-41c5-886e-9775ba8c8fe7/userFiles-87137b05-2094-4ab2-9719-59d61004db6a/org.xerial.snappy_snappy-java-1.1.8.2.jar
21/04/17 19:57:10 INFO Executor: Adding file:/tmp/spark-810d1151-bd91-41c5-886e-9775ba8c8fe7/userFiles-87137b05-2094-4ab2-9719-59d61004db6a/org.xerial.snappy_snappy-java-1.1.8.2.jar to class loader
21/04/17 19:57:10 INFO Executor: Fetching spark://817a9a05793c:34755/jars/org.slf4j_slf4j-api-1.7.30.jar with timestamp 1618689429122
21/04/17 19:57:10 INFO Utils: Fetching spark://817a9a05793c:34755/jars/org.slf4j_slf4j-api-1.7.30.jar to /tmp/spark-810d1151-bd91-41c5-886e-9775ba8c8fe7/userFiles-87137b05-2094-4ab2-9719-59d61004db6a/fetchFileTemp3117746217753319772.tmp
21/04/17 19:57:10 INFO Utils: /tmp/spark-810d1151-bd91-41c5-886e-9775ba8c8fe7/userFiles-87137b05-2094-4ab2-9719-59d61004db6a/fetchFileTemp3117746217753319772.tmp has been previously copied to /tmp/spark-810d1151-bd91-41c5-886e-9775ba8c8fe7/userFiles-87137b05-2094-4ab2-9719-59d61004db6a/org.slf4j_slf4j-api-1.7.30.jar
21/04/17 19:57:10 INFO Executor: Adding file:/tmp/spark-810d1151-bd91-41c5-886e-9775ba8c8fe7/userFiles-87137b05-2094-4ab2-9719-59d61004db6a/org.slf4j_slf4j-api-1.7.30.jar to class loader
21/04/17 19:57:10 INFO Executor: Fetching spark://817a9a05793c:34755/jars/org.apache.spark_spark-token-provider-kafka-0-10_2.12-3.1.1.jar with timestamp 1618689429122
21/04/17 19:57:10 INFO Utils: Fetching spark://817a9a05793c:34755/jars/org.apache.spark_spark-token-provider-kafka-0-10_2.12-3.1.1.jar to /tmp/spark-810d1151-bd91-41c5-886e-9775ba8c8fe7/userFiles-87137b05-2094-4ab2-9719-59d61004db6a/fetchFileTemp4496599960331884904.tmp
21/04/17 19:57:10 INFO Utils: /tmp/spark-810d1151-bd91-41c5-886e-9775ba8c8fe7/userFiles-87137b05-2094-4ab2-9719-59d61004db6a/fetchFileTemp4496599960331884904.tmp has been previously copied to /tmp/spark-810d1151-bd91-41c5-886e-9775ba8c8fe7/userFiles-87137b05-2094-4ab2-9719-59d61004db6a/org.apache.spark_spark-token-provider-kafka-0-10_2.12-3.1.1.jar
21/04/17 19:57:10 INFO Executor: Adding file:/tmp/spark-810d1151-bd91-41c5-886e-9775ba8c8fe7/userFiles-87137b05-2094-4ab2-9719-59d61004db6a/org.apache.spark_spark-token-provider-kafka-0-10_2.12-3.1.1.jar to class loader
21/04/17 19:57:10 INFO Executor: Fetching spark://817a9a05793c:34755/jars/com.github.luben_zstd-jni-1.4.8-1.jar with timestamp 1618689429122
21/04/17 19:57:10 INFO Utils: Fetching spark://817a9a05793c:34755/jars/com.github.luben_zstd-jni-1.4.8-1.jar to /tmp/spark-810d1151-bd91-41c5-886e-9775ba8c8fe7/userFiles-87137b05-2094-4ab2-9719-59d61004db6a/fetchFileTemp4286886222850395160.tmp
21/04/17 19:57:10 INFO Utils: /tmp/spark-810d1151-bd91-41c5-886e-9775ba8c8fe7/userFiles-87137b05-2094-4ab2-9719-59d61004db6a/fetchFileTemp4286886222850395160.tmp has been previously copied to /tmp/spark-810d1151-bd91-41c5-886e-9775ba8c8fe7/userFiles-87137b05-2094-4ab2-9719-59d61004db6a/com.github.luben_zstd-jni-1.4.8-1.jar
21/04/17 19:57:10 INFO Executor: Adding file:/tmp/spark-810d1151-bd91-41c5-886e-9775ba8c8fe7/userFiles-87137b05-2094-4ab2-9719-59d61004db6a/com.github.luben_zstd-jni-1.4.8-1.jar to class loader
21/04/17 19:57:10 INFO Executor: Fetching spark://817a9a05793c:34755/jars/org.apache.spark_spark-sql-kafka-0-10_2.12-3.1.1.jar with timestamp 1618689429122
21/04/17 19:57:10 INFO Utils: Fetching spark://817a9a05793c:34755/jars/org.apache.spark_spark-sql-kafka-0-10_2.12-3.1.1.jar to /tmp/spark-810d1151-bd91-41c5-886e-9775ba8c8fe7/userFiles-87137b05-2094-4ab2-9719-59d61004db6a/fetchFileTemp5208267106266916589.tmp
21/04/17 19:57:10 INFO Utils: /tmp/spark-810d1151-bd91-41c5-886e-9775ba8c8fe7/userFiles-87137b05-2094-4ab2-9719-59d61004db6a/fetchFileTemp5208267106266916589.tmp has been previously copied to /tmp/spark-810d1151-bd91-41c5-886e-9775ba8c8fe7/userFiles-87137b05-2094-4ab2-9719-59d61004db6a/org.apache.spark_spark-sql-kafka-0-10_2.12-3.1.1.jar
21/04/17 19:57:10 INFO Executor: Adding file:/tmp/spark-810d1151-bd91-41c5-886e-9775ba8c8fe7/userFiles-87137b05-2094-4ab2-9719-59d61004db6a/org.apache.spark_spark-sql-kafka-0-10_2.12-3.1.1.jar to class loader
21/04/17 19:57:10 INFO Executor: Fetching spark://817a9a05793c:34755/jars/org.lz4_lz4-java-1.7.1.jar with timestamp 1618689429122
21/04/17 19:57:10 INFO Utils: Fetching spark://817a9a05793c:34755/jars/org.lz4_lz4-java-1.7.1.jar to /tmp/spark-810d1151-bd91-41c5-886e-9775ba8c8fe7/userFiles-87137b05-2094-4ab2-9719-59d61004db6a/fetchFileTemp6657423468627870545.tmp
21/04/17 19:57:10 INFO Utils: /tmp/spark-810d1151-bd91-41c5-886e-9775ba8c8fe7/userFiles-87137b05-2094-4ab2-9719-59d61004db6a/fetchFileTemp6657423468627870545.tmp has been previously copied to /tmp/spark-810d1151-bd91-41c5-886e-9775ba8c8fe7/userFiles-87137b05-2094-4ab2-9719-59d61004db6a/org.lz4_lz4-java-1.7.1.jar
21/04/17 19:57:10 INFO Executor: Adding file:/tmp/spark-810d1151-bd91-41c5-886e-9775ba8c8fe7/userFiles-87137b05-2094-4ab2-9719-59d61004db6a/org.lz4_lz4-java-1.7.1.jar to class loader
21/04/17 19:57:10 INFO Utils: Successfully started service 'org.apache.spark.network.netty.NettyBlockTransferService' on port 33047.
21/04/17 19:57:10 INFO NettyBlockTransferService: Server created on 817a9a05793c:33047
21/04/17 19:57:10 INFO BlockManager: Using org.apache.spark.storage.RandomBlockReplicationPolicy for block replication policy
21/04/17 19:57:10 INFO BlockManagerMaster: Registering BlockManager BlockManagerId(driver, 817a9a05793c, 33047, None)
21/04/17 19:57:10 INFO BlockManagerMasterEndpoint: Registering block manager 817a9a05793c:33047 with 366.3 MiB RAM, BlockManagerId(driver, 817a9a05793c, 33047, None)
21/04/17 19:57:10 INFO BlockManagerMaster: Registered BlockManager BlockManagerId(driver, 817a9a05793c, 33047, None)
21/04/17 19:57:10 INFO BlockManager: Initialized BlockManager: BlockManagerId(driver, 817a9a05793c, 33047, None)
21/04/17 19:57:11 INFO SharedState: Setting hive.metastore.warehouse.dir ('null') to the value of spark.sql.warehouse.dir ('file:/opt/bitnami/spark/spark-warehouse').
21/04/17 19:57:11 INFO SharedState: Warehouse path is 'file:/opt/bitnami/spark/spark-warehouse'.
21/04/17 19:57:19 WARN NetworkClient: [Consumer clientId=consumer-spark-kafka-source-20923131-f569-416a-b5e6-4c6556f1dce1-670584048-driver-0-2, groupId=spark-kafka-source-20923131-f569-416a-b5e6-4c6556f1dce1-670584048-driver-0] Error while fetching metadata with correlation id 2 : {stedi-events=LEADER_NOT_AVAILABLE}
