:: loading settings :: url = jar:file:/opt/bitnami/spark/jars/ivy-2.4.0.jar!/org/apache/ivy/core/settings/ivysettings.xml
Ivy Default Cache set to: /opt/bitnami/spark/.ivy2/cache
The jars for the packages stored in: /opt/bitnami/spark/.ivy2/jars
org.apache.spark#spark-sql-kafka-0-10_2.12 added as a dependency
:: resolving dependencies :: org.apache.spark#spark-submit-parent-a210a1b5-da51-4a2f-a72f-cdd7c24a6232;1.0
	confs: [default]
	found org.apache.spark#spark-sql-kafka-0-10_2.12;3.1.1 in central
	found org.apache.spark#spark-token-provider-kafka-0-10_2.12;3.1.1 in central
	found org.apache.kafka#kafka-clients;2.6.0 in central
	found com.github.luben#zstd-jni;1.4.8-1 in central
	found org.lz4#lz4-java;1.7.1 in central
	found org.xerial.snappy#snappy-java;1.1.8.2 in central
	found org.slf4j#slf4j-api;1.7.30 in central
	found org.spark-project.spark#unused;1.0.0 in central
	found org.apache.commons#commons-pool2;2.6.2 in central
:: resolution report :: resolve 896ms :: artifacts dl 54ms
	:: modules in use:
	com.github.luben#zstd-jni;1.4.8-1 from central in [default]
	org.apache.commons#commons-pool2;2.6.2 from central in [default]
	org.apache.kafka#kafka-clients;2.6.0 from central in [default]
	org.apache.spark#spark-sql-kafka-0-10_2.12;3.1.1 from central in [default]
	org.apache.spark#spark-token-provider-kafka-0-10_2.12;3.1.1 from central in [default]
	org.lz4#lz4-java;1.7.1 from central in [default]
	org.slf4j#slf4j-api;1.7.30 from central in [default]
	org.spark-project.spark#unused;1.0.0 from central in [default]
	org.xerial.snappy#snappy-java;1.1.8.2 from central in [default]
	---------------------------------------------------------------------
	|                  |            modules            ||   artifacts   |
	|       conf       | number| search|dwnlded|evicted|| number|dwnlded|
	---------------------------------------------------------------------
	|      default     |   9   |   0   |   0   |   0   ||   9   |   0   |
	---------------------------------------------------------------------
:: retrieving :: org.apache.spark#spark-submit-parent-a210a1b5-da51-4a2f-a72f-cdd7c24a6232
	confs: [default]
	0 artifacts copied, 9 already retrieved (0kB/36ms)
21/04/17 20:11:52 WARN NativeCodeLoader: Unable to load native-hadoop library for your platform... using builtin-java classes where applicable
Using Spark's default log4j profile: org/apache/spark/log4j-defaults.properties
21/04/17 20:11:53 INFO SparkContext: Running Spark version 3.1.1
21/04/17 20:11:53 INFO ResourceUtils: ==============================================================
21/04/17 20:11:53 INFO ResourceUtils: No custom resources configured for spark.driver.
21/04/17 20:11:53 INFO ResourceUtils: ==============================================================
21/04/17 20:11:53 INFO SparkContext: Submitted application: stedi-risk-data
21/04/17 20:11:53 INFO ResourceProfile: Default ResourceProfile created, executor resources: Map(cores -> name: cores, amount: 1, script: , vendor: , memory -> name: memory, amount: 1024, script: , vendor: , offHeap -> name: offHeap, amount: 0, script: , vendor: ), task resources: Map(cpus -> name: cpus, amount: 1.0)
21/04/17 20:11:53 INFO ResourceProfile: Limiting resource is cpu
21/04/17 20:11:53 INFO ResourceProfileManager: Added ResourceProfile id: 0
21/04/17 20:11:54 INFO SecurityManager: Changing view acls to: spark
21/04/17 20:11:54 INFO SecurityManager: Changing modify acls to: spark
21/04/17 20:11:54 INFO SecurityManager: Changing view acls groups to: 
21/04/17 20:11:54 INFO SecurityManager: Changing modify acls groups to: 
21/04/17 20:11:54 INFO SecurityManager: SecurityManager: authentication disabled; ui acls disabled; users  with view permissions: Set(spark); groups with view permissions: Set(); users  with modify permissions: Set(spark); groups with modify permissions: Set()
21/04/17 20:11:54 INFO Utils: Successfully started service 'sparkDriver' on port 35747.
21/04/17 20:11:54 INFO SparkEnv: Registering MapOutputTracker
21/04/17 20:11:54 INFO SparkEnv: Registering BlockManagerMaster
21/04/17 20:11:54 INFO BlockManagerMasterEndpoint: Using org.apache.spark.storage.DefaultTopologyMapper for getting topology information
21/04/17 20:11:54 INFO BlockManagerMasterEndpoint: BlockManagerMasterEndpoint up
21/04/17 20:11:54 INFO SparkEnv: Registering BlockManagerMasterHeartbeat
21/04/17 20:11:54 INFO DiskBlockManager: Created local directory at /tmp/blockmgr-aa81341b-56ac-4d42-a7c8-57d18de061c6
21/04/17 20:11:54 INFO MemoryStore: MemoryStore started with capacity 366.3 MiB
21/04/17 20:11:55 INFO SparkEnv: Registering OutputCommitCoordinator
21/04/17 20:11:55 WARN Utils: Service 'SparkUI' could not bind on port 4040. Attempting port 4041.
21/04/17 20:11:55 WARN Utils: Service 'SparkUI' could not bind on port 4041. Attempting port 4042.
21/04/17 20:11:55 INFO Utils: Successfully started service 'SparkUI' on port 4042.
21/04/17 20:11:55 INFO SparkUI: Bound SparkUI to 0.0.0.0, and started at http://817a9a05793c:4042
21/04/17 20:11:55 INFO SparkContext: Added JAR file:///opt/bitnami/spark/.ivy2/jars/org.apache.spark_spark-sql-kafka-0-10_2.12-3.1.1.jar at spark://817a9a05793c:35747/jars/org.apache.spark_spark-sql-kafka-0-10_2.12-3.1.1.jar with timestamp 1618690313674
21/04/17 20:11:55 INFO SparkContext: Added JAR file:///opt/bitnami/spark/.ivy2/jars/org.apache.spark_spark-token-provider-kafka-0-10_2.12-3.1.1.jar at spark://817a9a05793c:35747/jars/org.apache.spark_spark-token-provider-kafka-0-10_2.12-3.1.1.jar with timestamp 1618690313674
21/04/17 20:11:55 INFO SparkContext: Added JAR file:///opt/bitnami/spark/.ivy2/jars/org.apache.kafka_kafka-clients-2.6.0.jar at spark://817a9a05793c:35747/jars/org.apache.kafka_kafka-clients-2.6.0.jar with timestamp 1618690313674
21/04/17 20:11:55 INFO SparkContext: Added JAR file:///opt/bitnami/spark/.ivy2/jars/org.apache.commons_commons-pool2-2.6.2.jar at spark://817a9a05793c:35747/jars/org.apache.commons_commons-pool2-2.6.2.jar with timestamp 1618690313674
21/04/17 20:11:55 INFO SparkContext: Added JAR file:///opt/bitnami/spark/.ivy2/jars/org.spark-project.spark_unused-1.0.0.jar at spark://817a9a05793c:35747/jars/org.spark-project.spark_unused-1.0.0.jar with timestamp 1618690313674
21/04/17 20:11:55 INFO SparkContext: Added JAR file:///opt/bitnami/spark/.ivy2/jars/com.github.luben_zstd-jni-1.4.8-1.jar at spark://817a9a05793c:35747/jars/com.github.luben_zstd-jni-1.4.8-1.jar with timestamp 1618690313674
21/04/17 20:11:55 INFO SparkContext: Added JAR file:///opt/bitnami/spark/.ivy2/jars/org.lz4_lz4-java-1.7.1.jar at spark://817a9a05793c:35747/jars/org.lz4_lz4-java-1.7.1.jar with timestamp 1618690313674
21/04/17 20:11:55 INFO SparkContext: Added JAR file:///opt/bitnami/spark/.ivy2/jars/org.xerial.snappy_snappy-java-1.1.8.2.jar at spark://817a9a05793c:35747/jars/org.xerial.snappy_snappy-java-1.1.8.2.jar with timestamp 1618690313674
21/04/17 20:11:55 INFO SparkContext: Added JAR file:///opt/bitnami/spark/.ivy2/jars/org.slf4j_slf4j-api-1.7.30.jar at spark://817a9a05793c:35747/jars/org.slf4j_slf4j-api-1.7.30.jar with timestamp 1618690313674
21/04/17 20:11:55 INFO SparkContext: Added file file:///opt/bitnami/spark/.ivy2/jars/org.apache.spark_spark-sql-kafka-0-10_2.12-3.1.1.jar at file:///opt/bitnami/spark/.ivy2/jars/org.apache.spark_spark-sql-kafka-0-10_2.12-3.1.1.jar with timestamp 1618690313674
21/04/17 20:11:55 INFO Utils: Copying /opt/bitnami/spark/.ivy2/jars/org.apache.spark_spark-sql-kafka-0-10_2.12-3.1.1.jar to /tmp/spark-664ffb19-6e11-44bc-aa46-2a82beb8a7a7/userFiles-8922909f-07e9-420d-886c-fcd2feefa0bb/org.apache.spark_spark-sql-kafka-0-10_2.12-3.1.1.jar
21/04/17 20:11:55 INFO SparkContext: Added file file:///opt/bitnami/spark/.ivy2/jars/org.apache.spark_spark-token-provider-kafka-0-10_2.12-3.1.1.jar at file:///opt/bitnami/spark/.ivy2/jars/org.apache.spark_spark-token-provider-kafka-0-10_2.12-3.1.1.jar with timestamp 1618690313674
21/04/17 20:11:55 INFO Utils: Copying /opt/bitnami/spark/.ivy2/jars/org.apache.spark_spark-token-provider-kafka-0-10_2.12-3.1.1.jar to /tmp/spark-664ffb19-6e11-44bc-aa46-2a82beb8a7a7/userFiles-8922909f-07e9-420d-886c-fcd2feefa0bb/org.apache.spark_spark-token-provider-kafka-0-10_2.12-3.1.1.jar
21/04/17 20:11:55 INFO SparkContext: Added file file:///opt/bitnami/spark/.ivy2/jars/org.apache.kafka_kafka-clients-2.6.0.jar at file:///opt/bitnami/spark/.ivy2/jars/org.apache.kafka_kafka-clients-2.6.0.jar with timestamp 1618690313674
21/04/17 20:11:55 INFO Utils: Copying /opt/bitnami/spark/.ivy2/jars/org.apache.kafka_kafka-clients-2.6.0.jar to /tmp/spark-664ffb19-6e11-44bc-aa46-2a82beb8a7a7/userFiles-8922909f-07e9-420d-886c-fcd2feefa0bb/org.apache.kafka_kafka-clients-2.6.0.jar
21/04/17 20:11:55 INFO SparkContext: Added file file:///opt/bitnami/spark/.ivy2/jars/org.apache.commons_commons-pool2-2.6.2.jar at file:///opt/bitnami/spark/.ivy2/jars/org.apache.commons_commons-pool2-2.6.2.jar with timestamp 1618690313674
21/04/17 20:11:55 INFO Utils: Copying /opt/bitnami/spark/.ivy2/jars/org.apache.commons_commons-pool2-2.6.2.jar to /tmp/spark-664ffb19-6e11-44bc-aa46-2a82beb8a7a7/userFiles-8922909f-07e9-420d-886c-fcd2feefa0bb/org.apache.commons_commons-pool2-2.6.2.jar
21/04/17 20:11:55 INFO SparkContext: Added file file:///opt/bitnami/spark/.ivy2/jars/org.spark-project.spark_unused-1.0.0.jar at file:///opt/bitnami/spark/.ivy2/jars/org.spark-project.spark_unused-1.0.0.jar with timestamp 1618690313674
21/04/17 20:11:55 INFO Utils: Copying /opt/bitnami/spark/.ivy2/jars/org.spark-project.spark_unused-1.0.0.jar to /tmp/spark-664ffb19-6e11-44bc-aa46-2a82beb8a7a7/userFiles-8922909f-07e9-420d-886c-fcd2feefa0bb/org.spark-project.spark_unused-1.0.0.jar
21/04/17 20:11:55 INFO SparkContext: Added file file:///opt/bitnami/spark/.ivy2/jars/com.github.luben_zstd-jni-1.4.8-1.jar at file:///opt/bitnami/spark/.ivy2/jars/com.github.luben_zstd-jni-1.4.8-1.jar with timestamp 1618690313674
21/04/17 20:11:55 INFO Utils: Copying /opt/bitnami/spark/.ivy2/jars/com.github.luben_zstd-jni-1.4.8-1.jar to /tmp/spark-664ffb19-6e11-44bc-aa46-2a82beb8a7a7/userFiles-8922909f-07e9-420d-886c-fcd2feefa0bb/com.github.luben_zstd-jni-1.4.8-1.jar
21/04/17 20:11:55 INFO SparkContext: Added file file:///opt/bitnami/spark/.ivy2/jars/org.lz4_lz4-java-1.7.1.jar at file:///opt/bitnami/spark/.ivy2/jars/org.lz4_lz4-java-1.7.1.jar with timestamp 1618690313674
21/04/17 20:11:55 INFO Utils: Copying /opt/bitnami/spark/.ivy2/jars/org.lz4_lz4-java-1.7.1.jar to /tmp/spark-664ffb19-6e11-44bc-aa46-2a82beb8a7a7/userFiles-8922909f-07e9-420d-886c-fcd2feefa0bb/org.lz4_lz4-java-1.7.1.jar
21/04/17 20:11:55 INFO SparkContext: Added file file:///opt/bitnami/spark/.ivy2/jars/org.xerial.snappy_snappy-java-1.1.8.2.jar at file:///opt/bitnami/spark/.ivy2/jars/org.xerial.snappy_snappy-java-1.1.8.2.jar with timestamp 1618690313674
21/04/17 20:11:55 INFO Utils: Copying /opt/bitnami/spark/.ivy2/jars/org.xerial.snappy_snappy-java-1.1.8.2.jar to /tmp/spark-664ffb19-6e11-44bc-aa46-2a82beb8a7a7/userFiles-8922909f-07e9-420d-886c-fcd2feefa0bb/org.xerial.snappy_snappy-java-1.1.8.2.jar
21/04/17 20:11:55 INFO SparkContext: Added file file:///opt/bitnami/spark/.ivy2/jars/org.slf4j_slf4j-api-1.7.30.jar at file:///opt/bitnami/spark/.ivy2/jars/org.slf4j_slf4j-api-1.7.30.jar with timestamp 1618690313674
21/04/17 20:11:55 INFO Utils: Copying /opt/bitnami/spark/.ivy2/jars/org.slf4j_slf4j-api-1.7.30.jar to /tmp/spark-664ffb19-6e11-44bc-aa46-2a82beb8a7a7/userFiles-8922909f-07e9-420d-886c-fcd2feefa0bb/org.slf4j_slf4j-api-1.7.30.jar
21/04/17 20:11:56 INFO Executor: Starting executor ID driver on host 817a9a05793c
21/04/17 20:11:56 INFO Executor: Fetching file:///opt/bitnami/spark/.ivy2/jars/org.xerial.snappy_snappy-java-1.1.8.2.jar with timestamp 1618690313674
21/04/17 20:11:56 INFO Utils: /opt/bitnami/spark/.ivy2/jars/org.xerial.snappy_snappy-java-1.1.8.2.jar has been previously copied to /tmp/spark-664ffb19-6e11-44bc-aa46-2a82beb8a7a7/userFiles-8922909f-07e9-420d-886c-fcd2feefa0bb/org.xerial.snappy_snappy-java-1.1.8.2.jar
21/04/17 20:11:56 INFO Executor: Fetching file:///opt/bitnami/spark/.ivy2/jars/org.apache.spark_spark-token-provider-kafka-0-10_2.12-3.1.1.jar with timestamp 1618690313674
21/04/17 20:11:56 INFO Utils: /opt/bitnami/spark/.ivy2/jars/org.apache.spark_spark-token-provider-kafka-0-10_2.12-3.1.1.jar has been previously copied to /tmp/spark-664ffb19-6e11-44bc-aa46-2a82beb8a7a7/userFiles-8922909f-07e9-420d-886c-fcd2feefa0bb/org.apache.spark_spark-token-provider-kafka-0-10_2.12-3.1.1.jar
21/04/17 20:11:56 INFO Executor: Fetching file:///opt/bitnami/spark/.ivy2/jars/com.github.luben_zstd-jni-1.4.8-1.jar with timestamp 1618690313674
21/04/17 20:11:56 INFO Utils: /opt/bitnami/spark/.ivy2/jars/com.github.luben_zstd-jni-1.4.8-1.jar has been previously copied to /tmp/spark-664ffb19-6e11-44bc-aa46-2a82beb8a7a7/userFiles-8922909f-07e9-420d-886c-fcd2feefa0bb/com.github.luben_zstd-jni-1.4.8-1.jar
21/04/17 20:11:56 INFO Executor: Fetching file:///opt/bitnami/spark/.ivy2/jars/org.apache.spark_spark-sql-kafka-0-10_2.12-3.1.1.jar with timestamp 1618690313674
21/04/17 20:11:56 INFO Utils: /opt/bitnami/spark/.ivy2/jars/org.apache.spark_spark-sql-kafka-0-10_2.12-3.1.1.jar has been previously copied to /tmp/spark-664ffb19-6e11-44bc-aa46-2a82beb8a7a7/userFiles-8922909f-07e9-420d-886c-fcd2feefa0bb/org.apache.spark_spark-sql-kafka-0-10_2.12-3.1.1.jar
21/04/17 20:11:56 INFO Executor: Fetching file:///opt/bitnami/spark/.ivy2/jars/org.apache.commons_commons-pool2-2.6.2.jar with timestamp 1618690313674
21/04/17 20:11:56 INFO Utils: /opt/bitnami/spark/.ivy2/jars/org.apache.commons_commons-pool2-2.6.2.jar has been previously copied to /tmp/spark-664ffb19-6e11-44bc-aa46-2a82beb8a7a7/userFiles-8922909f-07e9-420d-886c-fcd2feefa0bb/org.apache.commons_commons-pool2-2.6.2.jar
21/04/17 20:11:56 INFO Executor: Fetching file:///opt/bitnami/spark/.ivy2/jars/org.spark-project.spark_unused-1.0.0.jar with timestamp 1618690313674
21/04/17 20:11:56 INFO Utils: /opt/bitnami/spark/.ivy2/jars/org.spark-project.spark_unused-1.0.0.jar has been previously copied to /tmp/spark-664ffb19-6e11-44bc-aa46-2a82beb8a7a7/userFiles-8922909f-07e9-420d-886c-fcd2feefa0bb/org.spark-project.spark_unused-1.0.0.jar
21/04/17 20:11:56 INFO Executor: Fetching file:///opt/bitnami/spark/.ivy2/jars/org.lz4_lz4-java-1.7.1.jar with timestamp 1618690313674
21/04/17 20:11:56 INFO Utils: /opt/bitnami/spark/.ivy2/jars/org.lz4_lz4-java-1.7.1.jar has been previously copied to /tmp/spark-664ffb19-6e11-44bc-aa46-2a82beb8a7a7/userFiles-8922909f-07e9-420d-886c-fcd2feefa0bb/org.lz4_lz4-java-1.7.1.jar
21/04/17 20:11:56 INFO Executor: Fetching file:///opt/bitnami/spark/.ivy2/jars/org.apache.kafka_kafka-clients-2.6.0.jar with timestamp 1618690313674
21/04/17 20:11:56 INFO Utils: /opt/bitnami/spark/.ivy2/jars/org.apache.kafka_kafka-clients-2.6.0.jar has been previously copied to /tmp/spark-664ffb19-6e11-44bc-aa46-2a82beb8a7a7/userFiles-8922909f-07e9-420d-886c-fcd2feefa0bb/org.apache.kafka_kafka-clients-2.6.0.jar
21/04/17 20:11:56 INFO Executor: Fetching file:///opt/bitnami/spark/.ivy2/jars/org.slf4j_slf4j-api-1.7.30.jar with timestamp 1618690313674
21/04/17 20:11:56 INFO Utils: /opt/bitnami/spark/.ivy2/jars/org.slf4j_slf4j-api-1.7.30.jar has been previously copied to /tmp/spark-664ffb19-6e11-44bc-aa46-2a82beb8a7a7/userFiles-8922909f-07e9-420d-886c-fcd2feefa0bb/org.slf4j_slf4j-api-1.7.30.jar
21/04/17 20:11:56 INFO Executor: Fetching spark://817a9a05793c:35747/jars/org.apache.spark_spark-sql-kafka-0-10_2.12-3.1.1.jar with timestamp 1618690313674
21/04/17 20:11:57 INFO TransportClientFactory: Successfully created connection to 817a9a05793c/172.19.0.4:35747 after 74 ms (0 ms spent in bootstraps)
21/04/17 20:11:57 INFO Utils: Fetching spark://817a9a05793c:35747/jars/org.apache.spark_spark-sql-kafka-0-10_2.12-3.1.1.jar to /tmp/spark-664ffb19-6e11-44bc-aa46-2a82beb8a7a7/userFiles-8922909f-07e9-420d-886c-fcd2feefa0bb/fetchFileTemp8859530283719084372.tmp
21/04/17 20:11:57 INFO Utils: /tmp/spark-664ffb19-6e11-44bc-aa46-2a82beb8a7a7/userFiles-8922909f-07e9-420d-886c-fcd2feefa0bb/fetchFileTemp8859530283719084372.tmp has been previously copied to /tmp/spark-664ffb19-6e11-44bc-aa46-2a82beb8a7a7/userFiles-8922909f-07e9-420d-886c-fcd2feefa0bb/org.apache.spark_spark-sql-kafka-0-10_2.12-3.1.1.jar
21/04/17 20:11:57 INFO Executor: Adding file:/tmp/spark-664ffb19-6e11-44bc-aa46-2a82beb8a7a7/userFiles-8922909f-07e9-420d-886c-fcd2feefa0bb/org.apache.spark_spark-sql-kafka-0-10_2.12-3.1.1.jar to class loader
21/04/17 20:11:57 INFO Executor: Fetching spark://817a9a05793c:35747/jars/org.slf4j_slf4j-api-1.7.30.jar with timestamp 1618690313674
21/04/17 20:11:57 INFO Utils: Fetching spark://817a9a05793c:35747/jars/org.slf4j_slf4j-api-1.7.30.jar to /tmp/spark-664ffb19-6e11-44bc-aa46-2a82beb8a7a7/userFiles-8922909f-07e9-420d-886c-fcd2feefa0bb/fetchFileTemp4571140344412334289.tmp
21/04/17 20:11:57 INFO Utils: /tmp/spark-664ffb19-6e11-44bc-aa46-2a82beb8a7a7/userFiles-8922909f-07e9-420d-886c-fcd2feefa0bb/fetchFileTemp4571140344412334289.tmp has been previously copied to /tmp/spark-664ffb19-6e11-44bc-aa46-2a82beb8a7a7/userFiles-8922909f-07e9-420d-886c-fcd2feefa0bb/org.slf4j_slf4j-api-1.7.30.jar
21/04/17 20:11:57 INFO Executor: Adding file:/tmp/spark-664ffb19-6e11-44bc-aa46-2a82beb8a7a7/userFiles-8922909f-07e9-420d-886c-fcd2feefa0bb/org.slf4j_slf4j-api-1.7.30.jar to class loader
21/04/17 20:11:57 INFO Executor: Fetching spark://817a9a05793c:35747/jars/org.apache.commons_commons-pool2-2.6.2.jar with timestamp 1618690313674
21/04/17 20:11:57 INFO Utils: Fetching spark://817a9a05793c:35747/jars/org.apache.commons_commons-pool2-2.6.2.jar to /tmp/spark-664ffb19-6e11-44bc-aa46-2a82beb8a7a7/userFiles-8922909f-07e9-420d-886c-fcd2feefa0bb/fetchFileTemp7607628397610532009.tmp
21/04/17 20:11:57 INFO Utils: /tmp/spark-664ffb19-6e11-44bc-aa46-2a82beb8a7a7/userFiles-8922909f-07e9-420d-886c-fcd2feefa0bb/fetchFileTemp7607628397610532009.tmp has been previously copied to /tmp/spark-664ffb19-6e11-44bc-aa46-2a82beb8a7a7/userFiles-8922909f-07e9-420d-886c-fcd2feefa0bb/org.apache.commons_commons-pool2-2.6.2.jar
21/04/17 20:11:57 INFO Executor: Adding file:/tmp/spark-664ffb19-6e11-44bc-aa46-2a82beb8a7a7/userFiles-8922909f-07e9-420d-886c-fcd2feefa0bb/org.apache.commons_commons-pool2-2.6.2.jar to class loader
21/04/17 20:11:57 INFO Executor: Fetching spark://817a9a05793c:35747/jars/org.spark-project.spark_unused-1.0.0.jar with timestamp 1618690313674
21/04/17 20:11:57 INFO Utils: Fetching spark://817a9a05793c:35747/jars/org.spark-project.spark_unused-1.0.0.jar to /tmp/spark-664ffb19-6e11-44bc-aa46-2a82beb8a7a7/userFiles-8922909f-07e9-420d-886c-fcd2feefa0bb/fetchFileTemp6207417747707552173.tmp
21/04/17 20:11:57 INFO Utils: /tmp/spark-664ffb19-6e11-44bc-aa46-2a82beb8a7a7/userFiles-8922909f-07e9-420d-886c-fcd2feefa0bb/fetchFileTemp6207417747707552173.tmp has been previously copied to /tmp/spark-664ffb19-6e11-44bc-aa46-2a82beb8a7a7/userFiles-8922909f-07e9-420d-886c-fcd2feefa0bb/org.spark-project.spark_unused-1.0.0.jar
21/04/17 20:11:57 INFO Executor: Adding file:/tmp/spark-664ffb19-6e11-44bc-aa46-2a82beb8a7a7/userFiles-8922909f-07e9-420d-886c-fcd2feefa0bb/org.spark-project.spark_unused-1.0.0.jar to class loader
21/04/17 20:11:57 INFO Executor: Fetching spark://817a9a05793c:35747/jars/org.apache.kafka_kafka-clients-2.6.0.jar with timestamp 1618690313674
21/04/17 20:11:57 INFO Utils: Fetching spark://817a9a05793c:35747/jars/org.apache.kafka_kafka-clients-2.6.0.jar to /tmp/spark-664ffb19-6e11-44bc-aa46-2a82beb8a7a7/userFiles-8922909f-07e9-420d-886c-fcd2feefa0bb/fetchFileTemp3843107630019795023.tmp
21/04/17 20:11:57 INFO Utils: /tmp/spark-664ffb19-6e11-44bc-aa46-2a82beb8a7a7/userFiles-8922909f-07e9-420d-886c-fcd2feefa0bb/fetchFileTemp3843107630019795023.tmp has been previously copied to /tmp/spark-664ffb19-6e11-44bc-aa46-2a82beb8a7a7/userFiles-8922909f-07e9-420d-886c-fcd2feefa0bb/org.apache.kafka_kafka-clients-2.6.0.jar
21/04/17 20:11:57 INFO Executor: Adding file:/tmp/spark-664ffb19-6e11-44bc-aa46-2a82beb8a7a7/userFiles-8922909f-07e9-420d-886c-fcd2feefa0bb/org.apache.kafka_kafka-clients-2.6.0.jar to class loader
21/04/17 20:11:57 INFO Executor: Fetching spark://817a9a05793c:35747/jars/com.github.luben_zstd-jni-1.4.8-1.jar with timestamp 1618690313674
21/04/17 20:11:57 INFO Utils: Fetching spark://817a9a05793c:35747/jars/com.github.luben_zstd-jni-1.4.8-1.jar to /tmp/spark-664ffb19-6e11-44bc-aa46-2a82beb8a7a7/userFiles-8922909f-07e9-420d-886c-fcd2feefa0bb/fetchFileTemp3228265997678439467.tmp
21/04/17 20:11:57 INFO Utils: /tmp/spark-664ffb19-6e11-44bc-aa46-2a82beb8a7a7/userFiles-8922909f-07e9-420d-886c-fcd2feefa0bb/fetchFileTemp3228265997678439467.tmp has been previously copied to /tmp/spark-664ffb19-6e11-44bc-aa46-2a82beb8a7a7/userFiles-8922909f-07e9-420d-886c-fcd2feefa0bb/com.github.luben_zstd-jni-1.4.8-1.jar
21/04/17 20:11:57 INFO Executor: Adding file:/tmp/spark-664ffb19-6e11-44bc-aa46-2a82beb8a7a7/userFiles-8922909f-07e9-420d-886c-fcd2feefa0bb/com.github.luben_zstd-jni-1.4.8-1.jar to class loader
21/04/17 20:11:57 INFO Executor: Fetching spark://817a9a05793c:35747/jars/org.xerial.snappy_snappy-java-1.1.8.2.jar with timestamp 1618690313674
21/04/17 20:11:57 INFO Utils: Fetching spark://817a9a05793c:35747/jars/org.xerial.snappy_snappy-java-1.1.8.2.jar to /tmp/spark-664ffb19-6e11-44bc-aa46-2a82beb8a7a7/userFiles-8922909f-07e9-420d-886c-fcd2feefa0bb/fetchFileTemp3132353531639271126.tmp
21/04/17 20:11:57 INFO Utils: /tmp/spark-664ffb19-6e11-44bc-aa46-2a82beb8a7a7/userFiles-8922909f-07e9-420d-886c-fcd2feefa0bb/fetchFileTemp3132353531639271126.tmp has been previously copied to /tmp/spark-664ffb19-6e11-44bc-aa46-2a82beb8a7a7/userFiles-8922909f-07e9-420d-886c-fcd2feefa0bb/org.xerial.snappy_snappy-java-1.1.8.2.jar
21/04/17 20:11:57 INFO Executor: Adding file:/tmp/spark-664ffb19-6e11-44bc-aa46-2a82beb8a7a7/userFiles-8922909f-07e9-420d-886c-fcd2feefa0bb/org.xerial.snappy_snappy-java-1.1.8.2.jar to class loader
21/04/17 20:11:57 INFO Executor: Fetching spark://817a9a05793c:35747/jars/org.lz4_lz4-java-1.7.1.jar with timestamp 1618690313674
21/04/17 20:11:57 INFO Utils: Fetching spark://817a9a05793c:35747/jars/org.lz4_lz4-java-1.7.1.jar to /tmp/spark-664ffb19-6e11-44bc-aa46-2a82beb8a7a7/userFiles-8922909f-07e9-420d-886c-fcd2feefa0bb/fetchFileTemp3663903639350408646.tmp
21/04/17 20:11:57 INFO Utils: /tmp/spark-664ffb19-6e11-44bc-aa46-2a82beb8a7a7/userFiles-8922909f-07e9-420d-886c-fcd2feefa0bb/fetchFileTemp3663903639350408646.tmp has been previously copied to /tmp/spark-664ffb19-6e11-44bc-aa46-2a82beb8a7a7/userFiles-8922909f-07e9-420d-886c-fcd2feefa0bb/org.lz4_lz4-java-1.7.1.jar
21/04/17 20:11:57 INFO Executor: Adding file:/tmp/spark-664ffb19-6e11-44bc-aa46-2a82beb8a7a7/userFiles-8922909f-07e9-420d-886c-fcd2feefa0bb/org.lz4_lz4-java-1.7.1.jar to class loader
21/04/17 20:11:57 INFO Executor: Fetching spark://817a9a05793c:35747/jars/org.apache.spark_spark-token-provider-kafka-0-10_2.12-3.1.1.jar with timestamp 1618690313674
21/04/17 20:11:57 INFO Utils: Fetching spark://817a9a05793c:35747/jars/org.apache.spark_spark-token-provider-kafka-0-10_2.12-3.1.1.jar to /tmp/spark-664ffb19-6e11-44bc-aa46-2a82beb8a7a7/userFiles-8922909f-07e9-420d-886c-fcd2feefa0bb/fetchFileTemp6855764013346988856.tmp
21/04/17 20:11:57 INFO Utils: /tmp/spark-664ffb19-6e11-44bc-aa46-2a82beb8a7a7/userFiles-8922909f-07e9-420d-886c-fcd2feefa0bb/fetchFileTemp6855764013346988856.tmp has been previously copied to /tmp/spark-664ffb19-6e11-44bc-aa46-2a82beb8a7a7/userFiles-8922909f-07e9-420d-886c-fcd2feefa0bb/org.apache.spark_spark-token-provider-kafka-0-10_2.12-3.1.1.jar
21/04/17 20:11:57 INFO Executor: Adding file:/tmp/spark-664ffb19-6e11-44bc-aa46-2a82beb8a7a7/userFiles-8922909f-07e9-420d-886c-fcd2feefa0bb/org.apache.spark_spark-token-provider-kafka-0-10_2.12-3.1.1.jar to class loader
21/04/17 20:11:57 INFO Utils: Successfully started service 'org.apache.spark.network.netty.NettyBlockTransferService' on port 33771.
21/04/17 20:11:57 INFO NettyBlockTransferService: Server created on 817a9a05793c:33771
21/04/17 20:11:57 INFO BlockManager: Using org.apache.spark.storage.RandomBlockReplicationPolicy for block replication policy
21/04/17 20:11:57 INFO BlockManagerMaster: Registering BlockManager BlockManagerId(driver, 817a9a05793c, 33771, None)
21/04/17 20:11:57 INFO BlockManagerMasterEndpoint: Registering block manager 817a9a05793c:33771 with 366.3 MiB RAM, BlockManagerId(driver, 817a9a05793c, 33771, None)
21/04/17 20:11:57 INFO BlockManagerMaster: Registered BlockManager BlockManagerId(driver, 817a9a05793c, 33771, None)
21/04/17 20:11:57 INFO BlockManager: Initialized BlockManager: BlockManagerId(driver, 817a9a05793c, 33771, None)
21/04/17 20:11:58 INFO SharedState: Setting hive.metastore.warehouse.dir ('null') to the value of spark.sql.warehouse.dir ('file:/opt/bitnami/spark/spark-warehouse').
21/04/17 20:11:58 INFO SharedState: Warehouse path is 'file:/opt/bitnami/spark/spark-warehouse'.
21/04/17 20:12:07 WARN StreamingQueryManager: Temporary checkpoint location created which is deleted normally when the query didn't fail: /tmp/temporary-fcdb1a4f-78d8-4db7-9942-c7579ffb7d17. If it's required to delete it under any circumstances, please set spark.sql.streaming.forceDeleteTempCheckpointLocation to true. Important to know deleting temp checkpoint folder is best effort.
-------------------------------------------
Batch: 0
-------------------------------------------
+--------------------+---------+
|               email|birthYear|
+--------------------+---------+
|Neeraj.Khatib@tes...|     1965|
|Santosh.Doshi@tes...|     1964|
|Sarah.Fibonnaci@t...|     1963|
|   Dan.Huey@test.com|     1962|
|Sean.Anderson@tes...|     1961|
|Angie.Phillips@te...|     1960|
|Gail.Staples@test...|     1959|
|Gail.Harris@test.com|     1958|
|Jason.Anderson@te...|     1957|
| Dan.Howard@test.com|     1956|
|  Lyn.Davis@test.com|     1955|
|Lyn.Staples@test.com|     1954|
|Edward.Ahmed@test...|     1953|
|Jason.Doshi@test.com|     1951|
|Trevor.Jones@test...|     1950|
|David.Sanchez@tes...|     1949|
|Angie.Olson@test.com|     1948|
|Frank.Anderson@te...|     1947|
|Neeraj.Abram@test...|     1946|
|  Dan.Clark@test.com|     1945|
+--------------------+---------+
only showing top 20 rows

-------------------------------------------
Batch: 1
-------------------------------------------
+-----+---------+
|email|birthYear|
+-----+---------+
+-----+---------+

-------------------------------------------
Batch: 2
-------------------------------------------
+-----+---------+
|email|birthYear|
+-----+---------+
+-----+---------+

-------------------------------------------
Batch: 3
-------------------------------------------
+-----+---------+
|email|birthYear|
+-----+---------+
+-----+---------+

-------------------------------------------
Batch: 4
-------------------------------------------
+-----+---------+
|email|birthYear|
+-----+---------+
+-----+---------+

-------------------------------------------
Batch: 5
-------------------------------------------
+-----+---------+
|email|birthYear|
+-----+---------+
+-----+---------+

-------------------------------------------
Batch: 6
-------------------------------------------
+-----+---------+
|email|birthYear|
+-----+---------+
+-----+---------+

-------------------------------------------
Batch: 7
-------------------------------------------
+-----+---------+
|email|birthYear|
+-----+---------+
+-----+---------+

-------------------------------------------
Batch: 8
-------------------------------------------
+-----+---------+
|email|birthYear|
+-----+---------+
+-----+---------+

-------------------------------------------
Batch: 9
-------------------------------------------
+-----+---------+
|email|birthYear|
+-----+---------+
+-----+---------+

-------------------------------------------
Batch: 10
-------------------------------------------
+-----+---------+
|email|birthYear|
+-----+---------+
+-----+---------+

-------------------------------------------
Batch: 11
-------------------------------------------
+-----+---------+
|email|birthYear|
+-----+---------+
+-----+---------+

-------------------------------------------
Batch: 12
-------------------------------------------
+-----+---------+
|email|birthYear|
+-----+---------+
+-----+---------+

-------------------------------------------
Batch: 13
-------------------------------------------
+-----+---------+
|email|birthYear|
+-----+---------+
+-----+---------+

-------------------------------------------
Batch: 14
-------------------------------------------
+-----+---------+
|email|birthYear|
+-----+---------+
+-----+---------+

-------------------------------------------
Batch: 15
-------------------------------------------
+-----+---------+
|email|birthYear|
+-----+---------+
+-----+---------+

-------------------------------------------
Batch: 16
-------------------------------------------
+-----+---------+
|email|birthYear|
+-----+---------+
+-----+---------+

-------------------------------------------
Batch: 17
-------------------------------------------
+-----+---------+
|email|birthYear|
+-----+---------+
+-----+---------+

-------------------------------------------
Batch: 18
-------------------------------------------
+-----+---------+
|email|birthYear|
+-----+---------+
+-----+---------+

-------------------------------------------
Batch: 19
-------------------------------------------
+-----+---------+
|email|birthYear|
+-----+---------+
+-----+---------+

-------------------------------------------
Batch: 20
-------------------------------------------
+-----+---------+
|email|birthYear|
+-----+---------+
+-----+---------+

-------------------------------------------
Batch: 21
-------------------------------------------
+-----+---------+
|email|birthYear|
+-----+---------+
+-----+---------+

-------------------------------------------
Batch: 22
-------------------------------------------
+-----+---------+
|email|birthYear|
+-----+---------+
+-----+---------+

-------------------------------------------
Batch: 23
-------------------------------------------
+-----+---------+
|email|birthYear|
+-----+---------+
+-----+---------+

-------------------------------------------
Batch: 24
-------------------------------------------
+-----+---------+
|email|birthYear|
+-----+---------+
+-----+---------+

-------------------------------------------
Batch: 25
-------------------------------------------
+-----+---------+
|email|birthYear|
+-----+---------+
+-----+---------+

-------------------------------------------
Batch: 26
-------------------------------------------
+-----+---------+
|email|birthYear|
+-----+---------+
+-----+---------+

-------------------------------------------
Batch: 27
-------------------------------------------
+-----+---------+
|email|birthYear|
+-----+---------+
+-----+---------+

-------------------------------------------
Batch: 28
-------------------------------------------
+-----+---------+
|email|birthYear|
+-----+---------+
+-----+---------+

-------------------------------------------
Batch: 29
-------------------------------------------
+-----+---------+
|email|birthYear|
+-----+---------+
+-----+---------+

-------------------------------------------
Batch: 30
-------------------------------------------
+-----+---------+
|email|birthYear|
+-----+---------+
+-----+---------+

-------------------------------------------
Batch: 31
-------------------------------------------
+-----+---------+
|email|birthYear|
+-----+---------+
+-----+---------+

-------------------------------------------
Batch: 32
-------------------------------------------
+-----+---------+
|email|birthYear|
+-----+---------+
+-----+---------+

-------------------------------------------
Batch: 33
-------------------------------------------
+-----+---------+
|email|birthYear|
+-----+---------+
+-----+---------+

-------------------------------------------
Batch: 34
-------------------------------------------
+-----+---------+
|email|birthYear|
+-----+---------+
+-----+---------+

-------------------------------------------
Batch: 35
-------------------------------------------
+-----+---------+
|email|birthYear|
+-----+---------+
+-----+---------+

-------------------------------------------
Batch: 36
-------------------------------------------
+-----+---------+
|email|birthYear|
+-----+---------+
+-----+---------+

-------------------------------------------
Batch: 37
-------------------------------------------
+-----+---------+
|email|birthYear|
+-----+---------+
+-----+---------+

-------------------------------------------
Batch: 38
-------------------------------------------
+-----+---------+
|email|birthYear|
+-----+---------+
+-----+---------+

-------------------------------------------
Batch: 39
-------------------------------------------
+-----+---------+
|email|birthYear|
+-----+---------+
+-----+---------+

-------------------------------------------
Batch: 40
-------------------------------------------
+-----+---------+
|email|birthYear|
+-----+---------+
+-----+---------+

-------------------------------------------
Batch: 41
-------------------------------------------
+-----+---------+
|email|birthYear|
+-----+---------+
+-----+---------+

-------------------------------------------
Batch: 42
-------------------------------------------
+-----+---------+
|email|birthYear|
+-----+---------+
+-----+---------+

-------------------------------------------
Batch: 43
-------------------------------------------
+-----+---------+
|email|birthYear|
+-----+---------+
+-----+---------+

-------------------------------------------
Batch: 44
-------------------------------------------
+-----+---------+
|email|birthYear|
+-----+---------+
+-----+---------+

-------------------------------------------
Batch: 45
-------------------------------------------
+-----+---------+
|email|birthYear|
+-----+---------+
+-----+---------+

-------------------------------------------
Batch: 46
-------------------------------------------
+-----+---------+
|email|birthYear|
+-----+---------+
+-----+---------+

^CTraceback (most recent call last):
  File "/home/workspace/sparkpyrediskafkastreamtoconsole.py", line 162, in <module>
    "append").format("console").start().awaitTermination()
  File "/opt/bitnami/spark/python/lib/pyspark.zip/pyspark/sql/streaming.py", line 101, in awaitTermination
  File "/opt/bitnami/spark/python/lib/py4j-0.10.9-src.zip/py4j/java_gateway.py", line 1303, in __call__
  File "/opt/bitnami/spark/python/lib/py4j-0.10.9-src.zip/py4j/java_gateway.py", line 1033, in send_command
  File "/opt/bitnami/spark/python/lib/py4j-0.10.9-src.zip/py4j/java_gateway.py", line 1200, in send_command
  File "/opt/bitnami/python/lib/python3.6/socket.py", line 586, in readinto
    return self._sock.recv_into(b)
  File "/opt/bitnami/spark/python/lib/pyspark.zip/pyspark/context.py", line 285, in signal_handler
KeyboardInterrupt
